<?xml version="1.0" encoding="UTF-8"?>
<testng-results ignored="0" total="6" passed="6" failed="0" skipped="0">
  <reporter-output>
    <line>
      <![CDATA[=====Connect to Database, Report config=====]]>
    </line>
    <line>
      <![CDATA[==========Launch Browser==========]]>
    </line>
    <line>
      <![CDATA[chrome]]>
    </line>
    <line>
      <![CDATA[==========Login=========]]>
    </line>
    <line>
      <![CDATA[========LOGOUT========]]>
    </line>
    <line>
      <![CDATA[==========Login=========]]>
    </line>
    <line>
      <![CDATA[========LOGOUT========]]>
    </line>
    <line>
      <![CDATA[==========Login=========]]>
    </line>
    <line>
      <![CDATA[========LOGOUT========]]>
    </line>
    <line>
      <![CDATA[=======CLOSE BROWSER========]]>
    </line>
    <line>
      <![CDATA[==========Launch Browser==========]]>
    </line>
    <line>
      <![CDATA[firefox]]>
    </line>
    <line>
      <![CDATA[==========Login=========]]>
    </line>
    <line>
      <![CDATA[========LOGOUT========]]>
    </line>
    <line>
      <![CDATA[==========Login=========]]>
    </line>
    <line>
      <![CDATA[========LOGOUT========]]>
    </line>
    <line>
      <![CDATA[==========Login=========]]>
    </line>
    <line>
      <![CDATA[========LOGOUT========]]>
    </line>
    <line>
      <![CDATA[=======CLOSE BROWSER========]]>
    </line>
    <line>
      <![CDATA[=========CLOSE DB, Report BACKUP==========]]>
    </line>
  </reporter-output>
  <suite started-at="2025-02-27T17:45:25Z" name="Suite" finished-at="2025-02-27T17:46:40Z" duration-ms="74679">
    <groups>
    </groups>
    <test started-at="2025-02-27T17:45:25Z" name="Test_CHROMETEST" finished-at="2025-02-27T17:46:01Z" duration-ms="36189">
      <class name="com.comcast.crm.parallelexecutiontest.OrganizationTest">
        <test-method is-config="true" signature="configBC(java.lang.String)[pri:0, instance:com.comcast.crm.parallelexecutiontest.OrganizationTest@7b205dbd]" started-at="2025-02-27T17:45:25Z" name="configBC" finished-at="2025-02-27T17:45:28Z" duration-ms="2998" status="PASS">
          <params>
            <param index="0">
              <value>
                <![CDATA[chrome]]>
              </value>
            </param>
          </params>
          <reporter-output>
            <line>
              <![CDATA[==========Launch Browser==========]]>
            </line>
            <line>
              <![CDATA[chrome]]>
            </line>
          </reporter-output>
        </test-method> <!-- configBC -->
        <test-method is-config="true" signature="configBM()[pri:0, instance:com.comcast.crm.parallelexecutiontest.OrganizationTest@7b205dbd]" started-at="2025-02-27T17:45:28Z" name="configBM" finished-at="2025-02-27T17:45:35Z" duration-ms="6756" status="PASS">
          <reporter-output>
            <line>
              <![CDATA[==========Login=========]]>
            </line>
          </reporter-output>
        </test-method> <!-- configBM -->
        <test-method signature="createOrgWithPhonenumTest()[pri:0, instance:com.comcast.crm.parallelexecutiontest.OrganizationTest@7b205dbd]" started-at="2025-02-27T17:45:35Z" name="createOrgWithPhonenumTest" finished-at="2025-02-27T17:45:40Z" duration-ms="5069" status="PASS">
          <reporter-output>
          </reporter-output>
        </test-method> <!-- createOrgWithPhonenumTest -->
        <test-method is-config="true" signature="configAM()[pri:0, instance:com.comcast.crm.parallelexecutiontest.OrganizationTest@7b205dbd]" started-at="2025-02-27T17:45:40Z" name="configAM" finished-at="2025-02-27T17:45:42Z" duration-ms="2754" status="PASS">
          <reporter-output>
            <line>
              <![CDATA[========LOGOUT========]]>
            </line>
          </reporter-output>
        </test-method> <!-- configAM -->
        <test-method is-config="true" signature="configBM()[pri:0, instance:com.comcast.crm.parallelexecutiontest.OrganizationTest@7b205dbd]" started-at="2025-02-27T17:45:42Z" name="configBM" finished-at="2025-02-27T17:45:44Z" duration-ms="1497" status="PASS">
          <reporter-output>
            <line>
              <![CDATA[==========Login=========]]>
            </line>
          </reporter-output>
        </test-method> <!-- configBM -->
        <test-method signature="createOrganization()[pri:0, instance:com.comcast.crm.parallelexecutiontest.OrganizationTest@7b205dbd]" started-at="2025-02-27T17:45:44Z" name="createOrganization" finished-at="2025-02-27T17:45:47Z" duration-ms="3442" status="PASS">
          <reporter-output>
          </reporter-output>
        </test-method> <!-- createOrganization -->
        <test-method is-config="true" signature="configAM()[pri:0, instance:com.comcast.crm.parallelexecutiontest.OrganizationTest@7b205dbd]" started-at="2025-02-27T17:45:47Z" name="configAM" finished-at="2025-02-27T17:45:50Z" duration-ms="2930" status="PASS">
          <reporter-output>
            <line>
              <![CDATA[========LOGOUT========]]>
            </line>
          </reporter-output>
        </test-method> <!-- configAM -->
        <test-method is-config="true" signature="configBM()[pri:0, instance:com.comcast.crm.parallelexecutiontest.OrganizationTest@7b205dbd]" started-at="2025-02-27T17:45:50Z" name="configBM" finished-at="2025-02-27T17:45:53Z" duration-ms="2257" status="PASS">
          <reporter-output>
            <line>
              <![CDATA[==========Login=========]]>
            </line>
          </reporter-output>
        </test-method> <!-- configBM -->
        <test-method signature="createOrganizationwithOrgName()[pri:0, instance:com.comcast.crm.parallelexecutiontest.OrganizationTest@7b205dbd]" started-at="2025-02-27T17:45:53Z" name="createOrganizationwithOrgName" finished-at="2025-02-27T17:45:58Z" duration-ms="5029" status="PASS">
          <reporter-output>
          </reporter-output>
        </test-method> <!-- createOrganizationwithOrgName -->
        <test-method is-config="true" signature="configAM()[pri:0, instance:com.comcast.crm.parallelexecutiontest.OrganizationTest@7b205dbd]" started-at="2025-02-27T17:45:58Z" name="configAM" finished-at="2025-02-27T17:46:01Z" duration-ms="3170" status="PASS">
          <reporter-output>
            <line>
              <![CDATA[========LOGOUT========]]>
            </line>
          </reporter-output>
        </test-method> <!-- configAM -->
        <test-method is-config="true" signature="configAC()[pri:0, instance:com.comcast.crm.parallelexecutiontest.OrganizationTest@7b205dbd]" started-at="2025-02-27T17:46:01Z" name="configAC" finished-at="2025-02-27T17:46:01Z" duration-ms="245" status="PASS">
          <reporter-output>
            <line>
              <![CDATA[=======CLOSE BROWSER========]]>
            </line>
          </reporter-output>
        </test-method> <!-- configAC -->
      </class> <!-- com.comcast.crm.parallelexecutiontest.OrganizationTest -->
    </test> <!-- Test_CHROMETEST -->
    <test started-at="2025-02-27T17:46:01Z" name="Test_FIREFOXTEST" finished-at="2025-02-27T17:46:40Z" duration-ms="38468">
      <class name="com.comcast.crm.parallelexecutiontest.OrganizationTest">
        <test-method is-config="true" signature="configBS()[pri:0, instance:com.comcast.crm.parallelexecutiontest.OrganizationTest@632ceb35]" started-at="2025-02-27T17:45:24Z" name="configBS" finished-at="2025-02-27T17:45:25Z" duration-ms="441" status="PASS">
          <reporter-output>
            <line>
              <![CDATA[=====Connect to Database, Report config=====]]>
            </line>
          </reporter-output>
        </test-method> <!-- configBS -->
        <test-method is-config="true" signature="configBC(java.lang.String)[pri:0, instance:com.comcast.crm.parallelexecutiontest.OrganizationTest@632ceb35]" started-at="2025-02-27T17:46:01Z" name="configBC" finished-at="2025-02-27T17:46:06Z" duration-ms="4684" status="PASS">
          <params>
            <param index="0">
              <value>
                <![CDATA[firefox]]>
              </value>
            </param>
          </params>
          <reporter-output>
            <line>
              <![CDATA[==========Launch Browser==========]]>
            </line>
            <line>
              <![CDATA[firefox]]>
            </line>
          </reporter-output>
        </test-method> <!-- configBC -->
        <test-method is-config="true" signature="configBM()[pri:0, instance:com.comcast.crm.parallelexecutiontest.OrganizationTest@632ceb35]" started-at="2025-02-27T17:46:06Z" name="configBM" finished-at="2025-02-27T17:46:15Z" duration-ms="9135" status="PASS">
          <reporter-output>
            <line>
              <![CDATA[==========Login=========]]>
            </line>
          </reporter-output>
        </test-method> <!-- configBM -->
        <test-method signature="createOrgWithPhonenumTest()[pri:0, instance:com.comcast.crm.parallelexecutiontest.OrganizationTest@632ceb35]" started-at="2025-02-27T17:46:15Z" name="createOrgWithPhonenumTest" finished-at="2025-02-27T17:46:19Z" duration-ms="4031" status="PASS">
          <reporter-output>
          </reporter-output>
        </test-method> <!-- createOrgWithPhonenumTest -->
        <test-method is-config="true" signature="configAM()[pri:0, instance:com.comcast.crm.parallelexecutiontest.OrganizationTest@632ceb35]" started-at="2025-02-27T17:46:19Z" name="configAM" finished-at="2025-02-27T17:46:22Z" duration-ms="2873" status="PASS">
          <reporter-output>
            <line>
              <![CDATA[========LOGOUT========]]>
            </line>
          </reporter-output>
        </test-method> <!-- configAM -->
        <test-method is-config="true" signature="configBM()[pri:0, instance:com.comcast.crm.parallelexecutiontest.OrganizationTest@632ceb35]" started-at="2025-02-27T17:46:22Z" name="configBM" finished-at="2025-02-27T17:46:23Z" duration-ms="1348" status="PASS">
          <reporter-output>
            <line>
              <![CDATA[==========Login=========]]>
            </line>
          </reporter-output>
        </test-method> <!-- configBM -->
        <test-method signature="createOrganization()[pri:0, instance:com.comcast.crm.parallelexecutiontest.OrganizationTest@632ceb35]" started-at="2025-02-27T17:46:23Z" name="createOrganization" finished-at="2025-02-27T17:46:27Z" duration-ms="3564" status="PASS">
          <reporter-output>
          </reporter-output>
        </test-method> <!-- createOrganization -->
        <test-method is-config="true" signature="configAM()[pri:0, instance:com.comcast.crm.parallelexecutiontest.OrganizationTest@632ceb35]" started-at="2025-02-27T17:46:27Z" name="configAM" finished-at="2025-02-27T17:46:30Z" duration-ms="2831" status="PASS">
          <reporter-output>
            <line>
              <![CDATA[========LOGOUT========]]>
            </line>
          </reporter-output>
        </test-method> <!-- configAM -->
        <test-method is-config="true" signature="configBM()[pri:0, instance:com.comcast.crm.parallelexecutiontest.OrganizationTest@632ceb35]" started-at="2025-02-27T17:46:30Z" name="configBM" finished-at="2025-02-27T17:46:31Z" duration-ms="1884" status="PASS">
          <reporter-output>
            <line>
              <![CDATA[==========Login=========]]>
            </line>
          </reporter-output>
        </test-method> <!-- configBM -->
        <test-method signature="createOrganizationwithOrgName()[pri:0, instance:com.comcast.crm.parallelexecutiontest.OrganizationTest@632ceb35]" started-at="2025-02-27T17:46:31Z" name="createOrganizationwithOrgName" finished-at="2025-02-27T17:46:36Z" duration-ms="4102" status="PASS">
          <reporter-output>
          </reporter-output>
        </test-method> <!-- createOrganizationwithOrgName -->
        <test-method is-config="true" signature="configAM()[pri:0, instance:com.comcast.crm.parallelexecutiontest.OrganizationTest@632ceb35]" started-at="2025-02-27T17:46:36Z" name="configAM" finished-at="2025-02-27T17:46:38Z" duration-ms="2962" status="PASS">
          <reporter-output>
            <line>
              <![CDATA[========LOGOUT========]]>
            </line>
          </reporter-output>
        </test-method> <!-- configAM -->
        <test-method is-config="true" signature="configAC()[pri:0, instance:com.comcast.crm.parallelexecutiontest.OrganizationTest@632ceb35]" started-at="2025-02-27T17:46:38Z" name="configAC" finished-at="2025-02-27T17:46:40Z" duration-ms="1046" status="PASS">
          <reporter-output>
            <line>
              <![CDATA[=======CLOSE BROWSER========]]>
            </line>
          </reporter-output>
        </test-method> <!-- configAC -->
        <test-method is-config="true" signature="configAS()[pri:0, instance:com.comcast.crm.parallelexecutiontest.OrganizationTest@632ceb35]" started-at="2025-02-27T17:46:40Z" name="configAS" finished-at="2025-02-27T17:46:40Z" duration-ms="1" status="PASS">
          <reporter-output>
            <line>
              <![CDATA[=========CLOSE DB, Report BACKUP==========]]>
            </line>
          </reporter-output>
        </test-method> <!-- configAS -->
      </class> <!-- com.comcast.crm.parallelexecutiontest.OrganizationTest -->
    </test> <!-- Test_FIREFOXTEST -->
  </suite> <!-- Suite -->
</testng-results>
