<?xml version="1.0" encoding="UTF-8"?>
<!-- Generated by org.testng.reporters.JUnitXMLReporter -->
<testsuite ignored="0" hostname="192.168.1.31" failures="0" tests="3" name="Test_FIREFOXTEST" time="38.468" errors="0" timestamp="27 Feb 2025 17:46:40 GMT">
  <testcase classname="com.comcast.crm.parallelexecutiontest.OrganizationTest" name="createOrgWithPhonenumTest" time="4.031"/>
  <testcase classname="com.comcast.crm.parallelexecutiontest.OrganizationTest" name="createOrganization" time="3.564"/>
  <testcase classname="com.comcast.crm.parallelexecutiontest.OrganizationTest" name="createOrganizationwithOrgName" time="4.102"/>
</testsuite> <!-- Test_FIREFOXTEST -->
