<?xml version="1.0" encoding="UTF-8"?>
<!-- Generated by org.testng.reporters.JUnitXMLReporter -->
<testsuite ignored="0" hostname="192.168.1.31" failures="0" tests="3" name="Test_CHROMETEST" time="36.189" errors="0" timestamp="27 Feb 2025 17:46:01 GMT">
  <testcase classname="com.comcast.crm.parallelexecutiontest.OrganizationTest" name="createOrgWithPhonenumTest" time="5.069"/>
  <testcase classname="com.comcast.crm.parallelexecutiontest.OrganizationTest" name="createOrganization" time="3.442"/>
  <testcase classname="com.comcast.crm.parallelexecutiontest.OrganizationTest" name="createOrganizationwithOrgName" time="5.029"/>
</testsuite> <!-- Test_CHROMETEST -->
