<?xml version="1.0" encoding="UTF-8"?>
<!-- Generated by org.testng.reporters.JUnitXMLReporter -->
<testsuite ignored="2" hostname="192.168.1.5" failures="1" tests="6" name="Test_2" time="97.394" errors="0" timestamp="15 Feb 2025 04:32:01 GMT">
  <testcase classname="com.comcast.crm.parallelexecutiontest.ContactTest" name="createContactOrgTest" time="18.61"/>
  <testcase classname="com.comcast.crm.parallelexecutiontest.ContactTest" name="createContactTest" time="4.35"/>
  <testcase classname="com.comcast.crm.parallelexecutiontest.ContactTest" name="createContactWithDate" time="4.53"/>
  <testcase classname="com.comcast.crm.parallelexecutiontest.OrganizationTest" name="createOrgWithPhonenumTest" time="4.48"/>
  <testcase classname="com.comcast.crm.parallelexecutiontest.OrganizationTest" name="createOrganization" time="3.774"/>
  <testcase classname="com.comcast.crm.parallelexecutiontest.OrganizationTest" name="createOrganizationwithOrgName" time="4.5">
    <failure type="java.lang.AssertionError" message="expected:&amp;lt;Testing_2096 &amp;gt; but was:&amp;lt;Testing_2096&amp;gt;">
      <![CDATA[java.lang.AssertionError: expected:<Testing_2096 > but was:<Testing_2096>
at com.comcast.crm.parallelexecutiontest.OrganizationTest.createOrganizationwithOrgName(OrganizationTest.java:57)
at java.base/java.util.concurrent.FutureTask.run(FutureTask.java:317)
at java.base/java.util.concurrent.ThreadPoolExecutor.runWorker(ThreadPoolExecutor.java:1144)
at java.base/java.util.concurrent.ThreadPoolExecutor$Worker.run(ThreadPoolExecutor.java:642)
at java.base/java.lang.Thread.run(Thread.java:1583)
... Removed 16 stack frames]]>
    </failure>
  </testcase> <!-- createOrganizationwithOrgName -->
  <testcase classname="com.comcast.CRM.basetest.BaseClass" name="@AfterSuite configAS" time="0.0">
    <ignored/>
  </testcase> <!-- @AfterSuite configAS -->
  <testcase classname="com.comcast.CRM.basetest.BaseClass" name="@BeforeSuite configBS" time="0.0">
    <ignored/>
  </testcase> <!-- @BeforeSuite configBS -->
</testsuite> <!-- Test_2 -->
