<?xml version="1.0" encoding="UTF-8"?>
<!-- Generated by org.testng.reporters.JUnitXMLReporter -->
<testsuite ignored="0" hostname="Airs-Air.mshome.net" failures="1" tests="2" name="Test" time="0.048" errors="0" timestamp="21 Feb 2025 05:02:32 GMT">
  <testcase classname="com.comcast.CRM.basetest.BaseClass" name="@BeforeClass configBC" time="0.0">
    <failure type="org.testng.TestNGException" message="
Parameter &amp;apos;BROWSER&amp;apos; is required by BeforeClass on method configBC but has not been marked @Optional or defined
in /Users/air/Desktop/JavaTraining/Com.comcast.CRMGUIFramework/ExtentReport.xml">
      <![CDATA[org.testng.TestNGException: 
Parameter 'BROWSER' is required by BeforeClass on method configBC but has not been marked @Optional or defined
in /Users/air/Desktop/JavaTraining/Com.comcast.CRMGUIFramework/ExtentReport.xml
... Removed 23 stack frames]]>
    </failure>
  </testcase> <!-- @BeforeClass configBC -->
  <testcase classname="com.comcast.CRM.basetest.BaseClass" name="@BeforeMethod configBM" time="0.0">
    <skipped/>
  </testcase> <!-- @BeforeMethod configBM -->
  <testcase classname="com.comcast.CRM.basetest.BaseClass" name="@AfterClass configAC" time="0.0">
    <skipped/>
  </testcase> <!-- @AfterClass configAC -->
  <testcase classname="Practice.test.createOrgTest" name="createOrganization" time="0.0">
    <skipped/>
  </testcase> <!-- createOrganization -->
  <testcase classname="Practice.test.createOrgTest" name="createOrganization" time="0.016">
    <failure type="java.lang.NullPointerException" message="Cannot invoke &amp;quot;com.aventstack.extentreports.ExtentTest.log(com.aventstack.extentreports.Status, String)&amp;quot; because &amp;quot;com.comcast.CRM.listenerutility.ListenerImpClass.test&amp;quot; is null">
      <![CDATA[java.lang.NullPointerException: Cannot invoke "com.aventstack.extentreports.ExtentTest.log(com.aventstack.extentreports.Status, String)" because "com.comcast.CRM.listenerutility.ListenerImpClass.test" is null
at com.comcast.CRM.listenerutility.ListenerImpClass.onTestSkipped(ListenerImpClass.java:110)
... Removed 23 stack frames]]>
    </failure>
  </testcase> <!-- createOrganization -->
</testsuite> <!-- Test -->
